<?xml version="1.0" encoding="UTF-8"?>
<!-- Generated by org.testng.reporters.JUnitReportReporter -->
<testsuite hostname="DESKTOP-C1SN9BR" failures="0" tests="1" name="com.myfdbhub.FirstTest" time="13.970" errors="0" timestamp="2024-09-27T13:29:52 IST" skipped="0">
  <testcase classname="com.myfdbhub.FirstTest" name="launchGoogle" time="13.970"/>
</testsuite> <!-- com.myfdbhub.FirstTest -->
