<?xml version="1.0" encoding="UTF-8"?>
<!-- Generated by org.testng.reporters.JUnitReportReporter -->
<testsuite hostname="DESKTOP-C1SN9BR" failures="0" tests="1" name="UI.Login" time="0.082" errors="0" timestamp="2024-09-27T05:48:19 IST" skipped="0">
  <testcase classname="UI.Login" name="username" time="0.082"/>
</testsuite> <!-- UI.Login -->
