<?xml version="1.0" encoding="UTF-8"?>
<!-- Generated by org.testng.reporters.JUnitReportReporter -->
<testsuite hostname="DESKTOP-C1SN9BR" failures="0" tests="3" name="com.orangehrm.login_Page" time="16.572" errors="0" timestamp="2024-09-27T13:29:52 IST" skipped="0">
  <testcase classname="com.orangehrm.login_Page" name="login" time="3.066"/>
  <testcase classname="com.orangehrm.login_Page" name="navigateToMyinfo" time="3.842"/>
  <testcase classname="com.orangehrm.login_Page" name="launchBroser" time="9.664"/>
</testsuite> <!-- com.orangehrm.login_Page -->
